<?xml version="1.0" encoding="UTF-8"?>
<!-- Generated by org.testng.reporters.JUnitReportReporter -->
<testsuite skipped="0" hostname="DESKTOP-CJOEA1H" name="com.test.TestPostcalls" tests="2" failures="0" timestamp="2023-03-11T14:21:56 IST" time="1.803" errors="0">
  <testcase name="create_employee" time="1.635" classname="com.test.TestPostcalls"/>
  <system-out/>
  <testcase name="createandreplace_employee" time="0.168" classname="com.test.TestPostcalls"/>
  <system-out/>
</testsuite> <!-- com.test.TestPostcalls -->
