<?xml version="1.0" encoding="UTF-8"?>
<!-- Generated by org.testng.reporters.JUnitReportReporter -->
<testsuite skipped="0" hostname="DESKTOP-CJOEA1H" name="com.test.JiraAssignment" tests="1" failures="0" timestamp="2023-03-11T14:21:56 IST" time="3.310" errors="0">
  <testcase name="jiraassignment" time="3.310" classname="com.test.JiraAssignment"/>
  <system-out/>
</testsuite> <!-- com.test.JiraAssignment -->
