<?xml version="1.0" encoding="UTF-8"?>
<!-- Generated by org.testng.reporters.JUnitReportReporter -->
<testsuite skipped="0" hostname="DESKTOP-CJOEA1H" name="com.test.Gitassignment" tests="1" failures="0" timestamp="2023-03-11T14:21:56 IST" time="4.109" errors="0">
  <testcase name="gitcurdassignment" time="4.109" classname="com.test.Gitassignment"/>
  <system-out/>
</testsuite> <!-- com.test.Gitassignment -->
